2024/05/10 00:32:03 INFO  - jmeter.util.JMeterUtils: Setting Locale to en_US 
2024/05/10 00:32:03 INFO  - jmeter.JMeter: Loading user properties from: /usr/share/jmeter/bin/user.properties 
2024/05/10 00:32:03 INFO  - jmeter.JMeter: Loading system properties from: /usr/share/jmeter/bin/system.properties 
2024/05/10 00:32:03 INFO  - jmeter.JMeter: Copyright (c) 1998-2015 The Apache Software Foundation 
2024/05/10 00:32:03 INFO  - jmeter.JMeter: Version 2.13.19691222 
2024/05/10 00:32:03 INFO  - jmeter.JMeter: java.version=17.0.10 
2024/05/10 00:32:03 INFO  - jmeter.JMeter: java.vm.name=OpenJDK 64-Bit Server VM 
2024/05/10 00:32:03 INFO  - jmeter.JMeter: os.name=Linux 
2024/05/10 00:32:03 INFO  - jmeter.JMeter: os.arch=amd64 
2024/05/10 00:32:03 INFO  - jmeter.JMeter: os.version=6.5.0-28-generic 
2024/05/10 00:32:03 INFO  - jmeter.JMeter: file.encoding=UTF-8 
2024/05/10 00:32:03 INFO  - jmeter.JMeter: Default Locale=English (United States) 
2024/05/10 00:32:03 INFO  - jmeter.JMeter: JMeter  Locale=English (United States) 
2024/05/10 00:32:03 INFO  - jmeter.JMeter: JMeterHome=/usr/share/jmeter 
2024/05/10 00:32:03 INFO  - jmeter.JMeter: user.dir  =/home/sohiab/Desktop/GitHubProjects/Distributed-Data-Synchronization-CRDTs-Paxos 
2024/05/10 00:32:03 INFO  - jmeter.JMeter: PWD       =/home/sohiab/Desktop/GitHubProjects/Distributed-Data-Synchronization-CRDTs-Paxos 
2024/05/10 00:32:04 INFO  - jmeter.JMeter: IP: 10.5.48.205 Name: sohiab-thinkbook FullName: sohiab-thinkbook 
2024/05/10 00:32:04 INFO  - jmeter.gui.action.LookAndFeelCommand: Using look and feel: javax.swing.plaf.metal.MetalLookAndFeel [Metal, CrossPlatform] 
2024/05/10 00:32:04 INFO  - jmeter.JMeter: Loaded icon properties from org/apache/jmeter/images/icon.properties 
2024/05/10 00:32:04 INFO  - jmeter.engine.util.CompoundVariable: Note: Function class names must contain the string: '.functions.' 
2024/05/10 00:32:04 INFO  - jmeter.engine.util.CompoundVariable: Note: Function class names must not contain the string: '.gui.' 
2024/05/10 00:32:04 FATAL - jmeter.JMeter: An error occurred:  java.lang.reflect.InaccessibleObjectException: Unable to make field private static java.lang.String sun.awt.X11.XToolkit.awtAppClassName accessible: module java.desktop does not "opens sun.awt.X11" to unnamed module @5577140b
	at java.base/java.lang.reflect.AccessibleObject.checkCanSetAccessible(AccessibleObject.java:354)
	at java.base/java.lang.reflect.AccessibleObject.checkCanSetAccessible(AccessibleObject.java:297)
	at java.base/java.lang.reflect.Field.checkCanSetAccessible(Field.java:178)
	at java.base/java.lang.reflect.Field.setAccessible(Field.java:172)
	at org.apache.jmeter.gui.MainFrame.setWindowTitle(MainFrame.java:808)
	at org.apache.jmeter.gui.MainFrame.init(MainFrame.java:512)
	at org.apache.jmeter.gui.MainFrame.<init>(MainFrame.java:219)
	at org.apache.jmeter.JMeter.startGui(JMeter.java:242)
	at org.apache.jmeter.JMeter.start(JMeter.java:387)
	at java.base/jdk.internal.reflect.NativeMethodAccessorImpl.invoke0(Native Method)
	at java.base/jdk.internal.reflect.NativeMethodAccessorImpl.invoke(NativeMethodAccessorImpl.java:77)
	at java.base/jdk.internal.reflect.DelegatingMethodAccessorImpl.invoke(DelegatingMethodAccessorImpl.java:43)
	at java.base/java.lang.reflect.Method.invoke(Method.java:568)
	at org.apache.jmeter.NewDriver.main(NewDriver.java:264)

2024/05/10 00:32:04 INFO  - jmeter.util.BSFTestElement: Registering JMeter version of JavaScript engine as work-round for BSF-22 
